[debug] [2023-06-06T15:09:50.762Z] ----------------------------------------------------------------------
[debug] [2023-06-06T15:09:50.763Z] Command:       /usr/local/bin/node /usr/local/bin/firebase deploy
[debug] [2023-06-06T15:09:50.763Z] CLI Version:   12.3.0
[debug] [2023-06-06T15:09:50.763Z] Platform:      darwin
[debug] [2023-06-06T15:09:50.763Z] Node Version:  v18.16.0
[debug] [2023-06-06T15:09:50.767Z] Time:          Tue Jun 06 2023 10:09:50 GMT-0500 (Central Daylight Time)
[debug] [2023-06-06T15:09:50.767Z] ----------------------------------------------------------------------
[debug] 
[debug] [2023-06-06T15:09:50.798Z] > command requires scopes: ["email","openid","https://www.googleapis.com/auth/cloudplatformprojects.readonly","https://www.googleapis.com/auth/firebase","https://www.googleapis.com/auth/cloud-platform"]
[debug] [2023-06-06T15:09:50.799Z] > authorizing via signed-in user (andrewmainella@gmail.com)
[debug] [2023-06-06T15:09:50.799Z] [iam] checking project pauly-9dcfc for permissions ["cloudfunctions.functions.create","cloudfunctions.functions.delete","cloudfunctions.functions.get","cloudfunctions.functions.list","cloudfunctions.functions.update","cloudfunctions.operations.get","firebase.projects.get"]
[debug] [2023-06-06T15:09:50.800Z] >>> [apiv2][query] POST https://cloudresourcemanager.googleapis.com/v1/projects/pauly-9dcfc:testIamPermissions [none]
[debug] [2023-06-06T15:09:50.800Z] >>> [apiv2][(partial)header] POST https://cloudresourcemanager.googleapis.com/v1/projects/pauly-9dcfc:testIamPermissions x-goog-quota-user=projects/pauly-9dcfc
[debug] [2023-06-06T15:09:50.800Z] >>> [apiv2][body] POST https://cloudresourcemanager.googleapis.com/v1/projects/pauly-9dcfc:testIamPermissions {"permissions":["cloudfunctions.functions.create","cloudfunctions.functions.delete","cloudfunctions.functions.get","cloudfunctions.functions.list","cloudfunctions.functions.update","cloudfunctions.operations.get","firebase.projects.get"]}
[debug] [2023-06-06T15:09:51.148Z] <<< [apiv2][status] POST https://cloudresourcemanager.googleapis.com/v1/projects/pauly-9dcfc:testIamPermissions 200
[debug] [2023-06-06T15:09:51.149Z] <<< [apiv2][body] POST https://cloudresourcemanager.googleapis.com/v1/projects/pauly-9dcfc:testIamPermissions {"permissions":["cloudfunctions.functions.create","cloudfunctions.functions.delete","cloudfunctions.functions.get","cloudfunctions.functions.list","cloudfunctions.functions.update","cloudfunctions.operations.get","firebase.projects.get"]}
[debug] [2023-06-06T15:09:51.149Z] >>> [apiv2][query] POST https://iam.googleapis.com/v1/projects/pauly-9dcfc/serviceAccounts/pauly-9dcfc@appspot.gserviceaccount.com:testIamPermissions [none]
[debug] [2023-06-06T15:09:51.149Z] >>> [apiv2][body] POST https://iam.googleapis.com/v1/projects/pauly-9dcfc/serviceAccounts/pauly-9dcfc@appspot.gserviceaccount.com:testIamPermissions {"permissions":["iam.serviceAccounts.actAs"]}
[debug] [2023-06-06T15:09:51.484Z] <<< [apiv2][status] POST https://iam.googleapis.com/v1/projects/pauly-9dcfc/serviceAccounts/pauly-9dcfc@appspot.gserviceaccount.com:testIamPermissions 200
[debug] [2023-06-06T15:09:51.485Z] <<< [apiv2][body] POST https://iam.googleapis.com/v1/projects/pauly-9dcfc/serviceAccounts/pauly-9dcfc@appspot.gserviceaccount.com:testIamPermissions {"permissions":["iam.serviceAccounts.actAs"]}
[info] 
[info] === Deploying to 'pauly-9dcfc'...
[info] 
[info] i  deploying functions 
[info] Running command: npm --prefix "$RESOURCE_DIR" run lint
[info] Running command: npm --prefix "$RESOURCE_DIR" run build
[info] ✔  functions: Finished running predeploy script. 
[debug] [2023-06-06T15:09:55.804Z] >>> [apiv2][query] GET https://firebase.googleapis.com/v1beta1/projects/pauly-9dcfc [none]
[debug] [2023-06-06T15:09:56.117Z] <<< [apiv2][status] GET https://firebase.googleapis.com/v1beta1/projects/pauly-9dcfc 200
[debug] [2023-06-06T15:09:56.117Z] <<< [apiv2][body] GET https://firebase.googleapis.com/v1beta1/projects/pauly-9dcfc {"projectId":"pauly-9dcfc","projectNumber":"371990511274","displayName":"Pauly","name":"projects/pauly-9dcfc","resources":{"hostingSite":"pauly-9dcfc","storageBucket":"pauly-9dcfc.appspot.com","locationId":"us-central"},"state":"ACTIVE","etag":"1_76c2b3c7-c9ef-4121-90af-a0103d599a7d"}
[info] i  functions: preparing codebase default for deployment 
[info] i  functions: ensuring required API cloudfunctions.googleapis.com is enabled... 
[info] i  functions: ensuring required API cloudbuild.googleapis.com is enabled... 
[info] i  artifactregistry: ensuring required API artifactregistry.googleapis.com is enabled... 
[debug] [2023-06-06T15:09:56.120Z] >>> [apiv2][query] GET https://serviceusage.googleapis.com/v1/projects/pauly-9dcfc/services/cloudfunctions.googleapis.com [none]
[debug] [2023-06-06T15:09:56.120Z] >>> [apiv2][(partial)header] GET https://serviceusage.googleapis.com/v1/projects/pauly-9dcfc/services/cloudfunctions.googleapis.com x-goog-quota-user=projects/pauly-9dcfc
[debug] [2023-06-06T15:09:56.122Z] >>> [apiv2][query] GET https://serviceusage.googleapis.com/v1/projects/pauly-9dcfc/services/runtimeconfig.googleapis.com [none]
[debug] [2023-06-06T15:09:56.122Z] >>> [apiv2][(partial)header] GET https://serviceusage.googleapis.com/v1/projects/pauly-9dcfc/services/runtimeconfig.googleapis.com x-goog-quota-user=projects/pauly-9dcfc
[debug] [2023-06-06T15:09:56.124Z] >>> [apiv2][query] GET https://serviceusage.googleapis.com/v1/projects/pauly-9dcfc/services/cloudbuild.googleapis.com [none]
[debug] [2023-06-06T15:09:56.124Z] >>> [apiv2][(partial)header] GET https://serviceusage.googleapis.com/v1/projects/pauly-9dcfc/services/cloudbuild.googleapis.com x-goog-quota-user=projects/pauly-9dcfc
[debug] [2023-06-06T15:09:56.125Z] >>> [apiv2][query] GET https://serviceusage.googleapis.com/v1/projects/pauly-9dcfc/services/artifactregistry.googleapis.com [none]
[debug] [2023-06-06T15:09:56.125Z] >>> [apiv2][(partial)header] GET https://serviceusage.googleapis.com/v1/projects/pauly-9dcfc/services/artifactregistry.googleapis.com x-goog-quota-user=projects/pauly-9dcfc
[debug] [2023-06-06T15:09:56.583Z] <<< [apiv2][status] GET https://serviceusage.googleapis.com/v1/projects/pauly-9dcfc/services/artifactregistry.googleapis.com 200
[debug] [2023-06-06T15:09:56.583Z] <<< [apiv2][body] GET https://serviceusage.googleapis.com/v1/projects/pauly-9dcfc/services/artifactregistry.googleapis.com [omitted]
[info] ✔  artifactregistry: required API artifactregistry.googleapis.com is enabled 
[debug] [2023-06-06T15:09:56.584Z] <<< [apiv2][status] GET https://serviceusage.googleapis.com/v1/projects/pauly-9dcfc/services/cloudbuild.googleapis.com 200
[debug] [2023-06-06T15:09:56.585Z] <<< [apiv2][body] GET https://serviceusage.googleapis.com/v1/projects/pauly-9dcfc/services/cloudbuild.googleapis.com [omitted]
[info] ✔  functions: required API cloudbuild.googleapis.com is enabled 
[debug] [2023-06-06T15:09:56.598Z] <<< [apiv2][status] GET https://serviceusage.googleapis.com/v1/projects/pauly-9dcfc/services/runtimeconfig.googleapis.com 200
[debug] [2023-06-06T15:09:56.598Z] <<< [apiv2][body] GET https://serviceusage.googleapis.com/v1/projects/pauly-9dcfc/services/runtimeconfig.googleapis.com [omitted]
[debug] [2023-06-06T15:09:56.610Z] <<< [apiv2][status] GET https://serviceusage.googleapis.com/v1/projects/pauly-9dcfc/services/cloudfunctions.googleapis.com 200
[debug] [2023-06-06T15:09:56.610Z] <<< [apiv2][body] GET https://serviceusage.googleapis.com/v1/projects/pauly-9dcfc/services/cloudfunctions.googleapis.com [omitted]
[info] ✔  functions: required API cloudfunctions.googleapis.com is enabled 
[debug] [2023-06-06T15:09:56.610Z] >>> [apiv2][query] GET https://firebase.googleapis.com/v1beta1/projects/pauly-9dcfc/adminSdkConfig [none]
[debug] [2023-06-06T15:09:56.900Z] <<< [apiv2][status] GET https://firebase.googleapis.com/v1beta1/projects/pauly-9dcfc/adminSdkConfig 200
[debug] [2023-06-06T15:09:56.900Z] <<< [apiv2][body] GET https://firebase.googleapis.com/v1beta1/projects/pauly-9dcfc/adminSdkConfig {"projectId":"pauly-9dcfc","storageBucket":"pauly-9dcfc.appspot.com","locationId":"us-central"}
[debug] [2023-06-06T15:09:56.901Z] >>> [apiv2][query] GET https://runtimeconfig.googleapis.com/v1beta1/projects/pauly-9dcfc/configs [none]
[debug] [2023-06-06T15:09:57.217Z] <<< [apiv2][status] GET https://runtimeconfig.googleapis.com/v1beta1/projects/pauly-9dcfc/configs 200
[debug] [2023-06-06T15:09:57.217Z] <<< [apiv2][body] GET https://runtimeconfig.googleapis.com/v1beta1/projects/pauly-9dcfc/configs {}
[debug] [2023-06-06T15:09:57.220Z] Validating nodejs source
[debug] [2023-06-06T15:09:57.682Z] > [functions] package.json contents: {
  "name": "functions",
  "scripts": {
    "lint": "eslint --ext .js,.ts .",
    "build": "tsc",
    "build:watch": "tsc --watch",
    "serve": "npm run build && firebase emulators:start --only functions",
    "shell": "npm run build && firebase functions:shell",
    "start": "npm run shell",
    "deploy": "firebase deploy --only functions",
    "logs": "firebase functions:log"
  },
  "engines": {
    "node": "18"
  },
  "main": "lib/index.js",
  "dependencies": {
    "firebase-admin": "^11.9.0",
    "firebase-functions": "^4.3.1"
  },
  "devDependencies": {
    "@typescript-eslint/eslint-plugin": "^5.12.0",
    "@typescript-eslint/parser": "^5.12.0",
    "eslint": "^8.9.0",
    "eslint-config-google": "^0.14.0",
    "eslint-plugin-import": "^2.25.4",
    "firebase-functions-test": "^3.1.0",
    "typescript": "^4.9.0"
  },
  "private": true
}
[debug] [2023-06-06T15:09:57.682Z] Building nodejs source
[debug] [2023-06-06T15:09:57.682Z] Could not find functions.yaml. Must use http discovery
[debug] [2023-06-06T15:09:57.687Z] Found firebase-functions binary at '/Users/andrewmainella/Desktop/Pauly/functions/node_modules/.bin/firebase-functions'
[debug] [2023-06-06T15:09:57.788Z] Serving at port 8174

[debug] [2023-06-06T15:09:57.868Z] Got response from /__/functions.yaml {"endpoints":{"addMicrosoftUser":{"availableMemoryMb":null,"timeoutSeconds":null,"minInstances":null,"maxInstances":null,"ingressSettings":null,"concurrency":null,"serviceAccountEmail":null,"vpc":null,"platform":"gcfv2","labels":{},"callableTrigger":{},"entryPoint":"addMicrosoftUser"}},"specVersion":"v1alpha1","requiredAPIs":[]}
[debug] [2023-06-06T15:09:57.872Z] shutdown requested via /__/quitquitquit

[info] i  functions: preparing functions directory for uploading... 
[info] i  functions: packaged /Users/andrewmainella/Desktop/Pauly/functions (56.16 KB) for uploading 
[debug] [2023-06-06T15:09:57.899Z] >>> [apiv2][query] GET https://cloudfunctions.googleapis.com/v1/projects/pauly-9dcfc/locations/-/functions [none]
[debug] [2023-06-06T15:09:58.488Z] <<< [apiv2][status] GET https://cloudfunctions.googleapis.com/v1/projects/pauly-9dcfc/locations/-/functions 200
[debug] [2023-06-06T15:09:58.488Z] <<< [apiv2][body] GET https://cloudfunctions.googleapis.com/v1/projects/pauly-9dcfc/locations/-/functions {}
[debug] [2023-06-06T15:09:58.489Z] >>> [apiv2][query] GET https://cloudfunctions.googleapis.com/v2/projects/pauly-9dcfc/locations/-/functions filter=environment%3D%22GEN_2%22
[debug] [2023-06-06T15:09:59.137Z] <<< [apiv2][status] GET https://cloudfunctions.googleapis.com/v2/projects/pauly-9dcfc/locations/-/functions 200
[debug] [2023-06-06T15:09:59.137Z] <<< [apiv2][body] GET https://cloudfunctions.googleapis.com/v2/projects/pauly-9dcfc/locations/-/functions {}
[info] i  functions: ensuring required API run.googleapis.com is enabled... 
[info] i  functions: ensuring required API eventarc.googleapis.com is enabled... 
[info] i  functions: ensuring required API pubsub.googleapis.com is enabled... 
[info] i  functions: ensuring required API storage.googleapis.com is enabled... 
[debug] [2023-06-06T15:09:59.148Z] >>> [apiv2][query] GET https://serviceusage.googleapis.com/v1/projects/pauly-9dcfc/services/run.googleapis.com [none]
[debug] [2023-06-06T15:09:59.148Z] >>> [apiv2][(partial)header] GET https://serviceusage.googleapis.com/v1/projects/pauly-9dcfc/services/run.googleapis.com x-goog-quota-user=projects/pauly-9dcfc
[debug] [2023-06-06T15:09:59.150Z] >>> [apiv2][query] GET https://serviceusage.googleapis.com/v1/projects/pauly-9dcfc/services/eventarc.googleapis.com [none]
[debug] [2023-06-06T15:09:59.150Z] >>> [apiv2][(partial)header] GET https://serviceusage.googleapis.com/v1/projects/pauly-9dcfc/services/eventarc.googleapis.com x-goog-quota-user=projects/pauly-9dcfc
[debug] [2023-06-06T15:09:59.151Z] >>> [apiv2][query] GET https://serviceusage.googleapis.com/v1/projects/pauly-9dcfc/services/pubsub.googleapis.com [none]
[debug] [2023-06-06T15:09:59.151Z] >>> [apiv2][(partial)header] GET https://serviceusage.googleapis.com/v1/projects/pauly-9dcfc/services/pubsub.googleapis.com x-goog-quota-user=projects/pauly-9dcfc
[debug] [2023-06-06T15:09:59.153Z] >>> [apiv2][query] GET https://serviceusage.googleapis.com/v1/projects/pauly-9dcfc/services/storage.googleapis.com [none]
[debug] [2023-06-06T15:09:59.153Z] >>> [apiv2][(partial)header] GET https://serviceusage.googleapis.com/v1/projects/pauly-9dcfc/services/storage.googleapis.com x-goog-quota-user=projects/pauly-9dcfc
[debug] [2023-06-06T15:09:59.553Z] <<< [apiv2][status] GET https://serviceusage.googleapis.com/v1/projects/pauly-9dcfc/services/eventarc.googleapis.com 200
[debug] [2023-06-06T15:09:59.553Z] <<< [apiv2][body] GET https://serviceusage.googleapis.com/v1/projects/pauly-9dcfc/services/eventarc.googleapis.com [omitted]
[info] ✔  functions: required API eventarc.googleapis.com is enabled 
[debug] [2023-06-06T15:09:59.554Z] <<< [apiv2][status] GET https://serviceusage.googleapis.com/v1/projects/pauly-9dcfc/services/run.googleapis.com 200
[debug] [2023-06-06T15:09:59.554Z] <<< [apiv2][body] GET https://serviceusage.googleapis.com/v1/projects/pauly-9dcfc/services/run.googleapis.com [omitted]
[info] ✔  functions: required API run.googleapis.com is enabled 
[debug] [2023-06-06T15:09:59.603Z] <<< [apiv2][status] GET https://serviceusage.googleapis.com/v1/projects/pauly-9dcfc/services/storage.googleapis.com 200
[debug] [2023-06-06T15:09:59.603Z] <<< [apiv2][body] GET https://serviceusage.googleapis.com/v1/projects/pauly-9dcfc/services/storage.googleapis.com [omitted]
[info] ✔  functions: required API storage.googleapis.com is enabled 
[debug] [2023-06-06T15:09:59.604Z] <<< [apiv2][status] GET https://serviceusage.googleapis.com/v1/projects/pauly-9dcfc/services/pubsub.googleapis.com 200
[debug] [2023-06-06T15:09:59.604Z] <<< [apiv2][body] GET https://serviceusage.googleapis.com/v1/projects/pauly-9dcfc/services/pubsub.googleapis.com [omitted]
[info] ✔  functions: required API pubsub.googleapis.com is enabled 
[info] i  functions: generating the service identity for pubsub.googleapis.com... 
[info] i  functions: generating the service identity for eventarc.googleapis.com... 
[debug] [2023-06-06T15:09:59.605Z] >>> [apiv2][query] POST https://serviceusage.googleapis.com/v1beta1/projects/371990511274/services/pubsub.googleapis.com:generateServiceIdentity [none]
[debug] [2023-06-06T15:09:59.607Z] >>> [apiv2][query] POST https://serviceusage.googleapis.com/v1beta1/projects/371990511274/services/eventarc.googleapis.com:generateServiceIdentity [none]
[debug] [2023-06-06T15:10:00.335Z] <<< [apiv2][status] POST https://serviceusage.googleapis.com/v1beta1/projects/371990511274/services/eventarc.googleapis.com:generateServiceIdentity 200
[debug] [2023-06-06T15:10:00.335Z] <<< [apiv2][body] POST https://serviceusage.googleapis.com/v1beta1/projects/371990511274/services/eventarc.googleapis.com:generateServiceIdentity {"name":"operations/finished.DONE_OPERATION","done":true,"response":{"@type":"type.googleapis.com/google.api.serviceusage.v1beta1.ServiceIdentity","email":"service-371990511274@gcp-sa-eventarc.iam.gserviceaccount.com","uniqueId":"113471932024049548252"}}
[debug] [2023-06-06T15:10:00.336Z] <<< [apiv2][status] POST https://serviceusage.googleapis.com/v1beta1/projects/371990511274/services/pubsub.googleapis.com:generateServiceIdentity 200
[debug] [2023-06-06T15:10:00.336Z] <<< [apiv2][body] POST https://serviceusage.googleapis.com/v1beta1/projects/371990511274/services/pubsub.googleapis.com:generateServiceIdentity {"name":"operations/finished.DONE_OPERATION","done":true,"response":{"@type":"type.googleapis.com/google.api.serviceusage.v1beta1.ServiceIdentity","email":"service-371990511274@gcp-sa-pubsub.iam.gserviceaccount.com","uniqueId":"112042122655605930670"}}
[debug] [2023-06-06T15:10:00.339Z] >>> [apiv2][query] GET https://firebase.googleapis.com/v1beta1/projects/pauly-9dcfc [none]
[debug] [2023-06-06T15:10:00.600Z] <<< [apiv2][status] GET https://firebase.googleapis.com/v1beta1/projects/pauly-9dcfc 200
[debug] [2023-06-06T15:10:00.601Z] <<< [apiv2][body] GET https://firebase.googleapis.com/v1beta1/projects/pauly-9dcfc {"projectId":"pauly-9dcfc","projectNumber":"371990511274","displayName":"Pauly","name":"projects/pauly-9dcfc","resources":{"hostingSite":"pauly-9dcfc","storageBucket":"pauly-9dcfc.appspot.com","locationId":"us-central"},"state":"ACTIVE","etag":"1_76c2b3c7-c9ef-4121-90af-a0103d599a7d"}
[debug] [2023-06-06T15:10:00.604Z] >>> [apiv2][query] POST https://cloudfunctions.googleapis.com/v2/projects/pauly-9dcfc/locations/us-central1/functions:generateUploadUrl [none]
[debug] [2023-06-06T15:10:01.078Z] <<< [apiv2][status] POST https://cloudfunctions.googleapis.com/v2/projects/pauly-9dcfc/locations/us-central1/functions:generateUploadUrl 200
[debug] [2023-06-06T15:10:01.079Z] <<< [apiv2][body] POST https://cloudfunctions.googleapis.com/v2/projects/pauly-9dcfc/locations/us-central1/functions:generateUploadUrl {"uploadUrl":"https://storage.googleapis.com/gcf-v2-uploads-371990511274-us-central1/ec8fa1b1-e8ad-4716-95ec-7e1fdb836a57.zip?GoogleAccessId=service-371990511274@gcf-admin-robot.iam.gserviceaccount.com&Expires=1686066001&Signature=BJmtt7%2FMaGZltfWnVRObh3PTPChMonaErPrvm2jqTMppBf0FuV7CxCs8Hp0b%2B8HrX%2BAnzjwy2xEY9LrC0ialVza5H6dtOY0pvWi9t1qmVz%2FnQLEMqJrTv%2B%2FHjvr5EFEJAHk6zzTR3GItsQHUcBn9aJAT%2BcWHt%2Fyyo2hOeMcbbDf3as6IhEcmNAMAThJjRaimt7bs89BcGtPAYqGxx1RrcFDPUonPYac8iuHsHGe%2B5dM6EyDFl%2Beb97PUXztTvZczv9s%2Bm5uh7LQkwWh3H5Mfy3fHGvByO%2FOttLYR%2FuiAdqsFF2E3FUBiF0g4MrJyHUrsV0caUCmxDiyvsoqRbO15lw%3D%3D","storageSource":{"bucket":"gcf-v2-uploads-371990511274-us-central1","object":"ec8fa1b1-e8ad-4716-95ec-7e1fdb836a57.zip"}}
[debug] [2023-06-06T15:10:01.080Z] >>> [apiv2][query] PUT https://storage.googleapis.com/gcf-v2-uploads-371990511274-us-central1/ec8fa1b1-e8ad-4716-95ec-7e1fdb836a57.zip GoogleAccessId=service-371990511274%40gcf-admin-robot.iam.gserviceaccount.com&Expires=1686066001&Signature=BJmtt7%2FMaGZltfWnVRObh3PTPChMonaErPrvm2jqTMppBf0FuV7CxCs8Hp0b%2B8HrX%2BAnzjwy2xEY9LrC0ialVza5H6dtOY0pvWi9t1qmVz%2FnQLEMqJrTv%2B%2FHjvr5EFEJAHk6zzTR3GItsQHUcBn9aJAT%2BcWHt%2Fyyo2hOeMcbbDf3as6IhEcmNAMAThJjRaimt7bs89BcGtPAYqGxx1RrcFDPUonPYac8iuHsHGe%2B5dM6EyDFl%2Beb97PUXztTvZczv9s%2Bm5uh7LQkwWh3H5Mfy3fHGvByO%2FOttLYR%2FuiAdqsFF2E3FUBiF0g4MrJyHUrsV0caUCmxDiyvsoqRbO15lw%3D%3D
[debug] [2023-06-06T15:10:01.080Z] >>> [apiv2][body] PUT https://storage.googleapis.com/gcf-v2-uploads-371990511274-us-central1/ec8fa1b1-e8ad-4716-95ec-7e1fdb836a57.zip [stream]
[debug] [2023-06-06T15:10:01.370Z] <<< [apiv2][status] PUT https://storage.googleapis.com/gcf-v2-uploads-371990511274-us-central1/ec8fa1b1-e8ad-4716-95ec-7e1fdb836a57.zip 200
[debug] [2023-06-06T15:10:01.370Z] <<< [apiv2][body] PUT https://storage.googleapis.com/gcf-v2-uploads-371990511274-us-central1/ec8fa1b1-e8ad-4716-95ec-7e1fdb836a57.zip [omitted]
[info] ✔  functions: functions folder uploaded successfully 
[info] i  functions: creating Node.js 18 (2nd Gen) function addMicrosoftUser(us-central1)... 
[debug] [2023-06-06T15:10:01.377Z] >>> [apiv2][query] POST https://cloudfunctions.googleapis.com/v2/projects/pauly-9dcfc/locations/us-central1/functions functionId=addMicrosoftUser
[debug] [2023-06-06T15:10:01.377Z] >>> [apiv2][body] POST https://cloudfunctions.googleapis.com/v2/projects/pauly-9dcfc/locations/us-central1/functions {"name":"projects/pauly-9dcfc/locations/us-central1/functions/addMicrosoftUser","buildConfig":{"runtime":"nodejs18","entryPoint":"addMicrosoftUser","source":{"storageSource":{"bucket":"gcf-v2-uploads-371990511274-us-central1","object":"ec8fa1b1-e8ad-4716-95ec-7e1fdb836a57.zip"}},"environmentVariables":{"GOOGLE_NODE_RUN_SCRIPTS":""}},"serviceConfig":{"environmentVariables":{"FIREBASE_CONFIG":"{\"projectId\":\"pauly-9dcfc\",\"storageBucket\":\"pauly-9dcfc.appspot.com\",\"locationId\":\"us-central\"}","GCLOUD_PROJECT":"pauly-9dcfc","EVENTARC_CLOUD_EVENT_SOURCE":"projects/pauly-9dcfc/locations/us-central1/services/addMicrosoftUser"},"ingressSettings":null,"timeoutSeconds":null,"serviceAccountEmail":null,"availableMemory":"256Mi","minInstanceCount":null,"maxInstanceCount":null,"maxInstanceRequestConcurrency":80,"availableCpu":"1","vpcConnector":null,"vpcConnectorEgressSettings":null},"labels":{"deployment-tool":"cli-firebase","deployment-callable":"true","firebase-functions-hash":"7f89cd59a55d2c9b6683ae179ff30bc33fd5bacc"}}
[debug] [2023-06-06T15:10:02.052Z] <<< [apiv2][status] POST https://cloudfunctions.googleapis.com/v2/projects/pauly-9dcfc/locations/us-central1/functions 200
[debug] [2023-06-06T15:10:02.052Z] <<< [apiv2][body] POST https://cloudfunctions.googleapis.com/v2/projects/pauly-9dcfc/locations/us-central1/functions {"name":"projects/pauly-9dcfc/locations/us-central1/operations/operation-1686064201787-5fd7769d0e795-cab7a8d2-411c1c0c","metadata":{"@type":"type.googleapis.com/google.cloud.functions.v2.OperationMetadata","createTime":"2023-06-06T15:10:02.197205940Z","target":"projects/pauly-9dcfc/locations/us-central1/functions/addMicrosoftUser","verb":"create","cancelRequested":false,"apiVersion":"v2"},"done":false}
[debug] [2023-06-06T15:10:02.054Z] >>> [apiv2][query] GET https://cloudfunctions.googleapis.com/v2/projects/pauly-9dcfc/locations/us-central1/operations/operation-1686064201787-5fd7769d0e795-cab7a8d2-411c1c0c [none]
[debug] [2023-06-06T15:10:02.283Z] <<< [apiv2][status] GET https://cloudfunctions.googleapis.com/v2/projects/pauly-9dcfc/locations/us-central1/operations/operation-1686064201787-5fd7769d0e795-cab7a8d2-411c1c0c 200
[debug] [2023-06-06T15:10:02.283Z] <<< [apiv2][body] GET https://cloudfunctions.googleapis.com/v2/projects/pauly-9dcfc/locations/us-central1/operations/operation-1686064201787-5fd7769d0e795-cab7a8d2-411c1c0c {"name":"projects/pauly-9dcfc/locations/us-central1/operations/operation-1686064201787-5fd7769d0e795-cab7a8d2-411c1c0c","metadata":{"@type":"type.googleapis.com/google.cloud.functions.v2.OperationMetadata","createTime":"2023-06-06T15:10:02.197205940Z","target":"projects/pauly-9dcfc/locations/us-central1/functions/addMicrosoftUser","verb":"create","cancelRequested":false,"apiVersion":"v2","requestResource":{"@type":"type.googleapis.com/google.cloud.functions.v2.Function","name":"projects/pauly-9dcfc/locations/us-central1/functions/addMicrosoftUser","buildConfig":{"runtime":"nodejs18","entryPoint":"addMicrosoftUser","source":{"storageSource":{"bucket":"gcf-v2-sources-371990511274-us-central1","object":"addMicrosoftUser/function-source.zip"}},"environmentVariables":{"GOOGLE_NODE_RUN_SCRIPTS":""}},"serviceConfig":{"service":"projects/pauly-9dcfc/locations/us-central1/services/addmicrosoftuser","timeoutSeconds":60,"environmentVariables":{"FIREBASE_CONFIG":"{\"projectId\":\"pauly-9dcfc\",\"storageBucket\":\"pauly-9dcfc.appspot.com\",\"locationId\":\"us-central\"}","GCLOUD_PROJECT":"pauly-9dcfc","EVENTARC_CLOUD_EVENT_SOURCE":"projects/pauly-9dcfc/locations/us-central1/services/addMicrosoftUser"},"maxInstanceCount":100,"ingressSettings":"ALLOW_ALL","serviceAccountEmail":"371990511274-compute@developer.gserviceaccount.com","availableMemory":"256Mi","maxInstanceRequestConcurrency":80,"availableCpu":"1"},"labels":{"deployment-tool":"cli-firebase","deployment-callable":"true","firebase-functions-hash":"7f89cd59a55d2c9b6683ae179ff30bc33fd5bacc"},"environment":"GEN_2"},"stages":[{"name":"BUILD","state":"NOT_STARTED"},{"name":"SERVICE","state":"NOT_STARTED"}]},"done":false}
[debug] [2023-06-06T15:10:02.785Z] [create-default-us-central1-addMicrosoftUser] Retrying task index 0
[debug] [2023-06-06T15:10:02.786Z] >>> [apiv2][query] GET https://cloudfunctions.googleapis.com/v2/projects/pauly-9dcfc/locations/us-central1/operations/operation-1686064201787-5fd7769d0e795-cab7a8d2-411c1c0c [none]
[debug] [2023-06-06T15:10:03.174Z] <<< [apiv2][status] GET https://cloudfunctions.googleapis.com/v2/projects/pauly-9dcfc/locations/us-central1/operations/operation-1686064201787-5fd7769d0e795-cab7a8d2-411c1c0c 200
[debug] [2023-06-06T15:10:03.174Z] <<< [apiv2][body] GET https://cloudfunctions.googleapis.com/v2/projects/pauly-9dcfc/locations/us-central1/operations/operation-1686064201787-5fd7769d0e795-cab7a8d2-411c1c0c {"name":"projects/pauly-9dcfc/locations/us-central1/operations/operation-1686064201787-5fd7769d0e795-cab7a8d2-411c1c0c","metadata":{"@type":"type.googleapis.com/google.cloud.functions.v2.OperationMetadata","createTime":"2023-06-06T15:10:02.197205940Z","target":"projects/pauly-9dcfc/locations/us-central1/functions/addMicrosoftUser","verb":"create","cancelRequested":false,"apiVersion":"v2","requestResource":{"@type":"type.googleapis.com/google.cloud.functions.v2.Function","name":"projects/pauly-9dcfc/locations/us-central1/functions/addMicrosoftUser","buildConfig":{"runtime":"nodejs18","entryPoint":"addMicrosoftUser","source":{"storageSource":{"bucket":"gcf-v2-sources-371990511274-us-central1","object":"addMicrosoftUser/function-source.zip"}},"environmentVariables":{"GOOGLE_NODE_RUN_SCRIPTS":""}},"serviceConfig":{"service":"projects/pauly-9dcfc/locations/us-central1/services/addmicrosoftuser","timeoutSeconds":60,"environmentVariables":{"FIREBASE_CONFIG":"{\"projectId\":\"pauly-9dcfc\",\"storageBucket\":\"pauly-9dcfc.appspot.com\",\"locationId\":\"us-central\"}","GCLOUD_PROJECT":"pauly-9dcfc","EVENTARC_CLOUD_EVENT_SOURCE":"projects/pauly-9dcfc/locations/us-central1/services/addMicrosoftUser"},"maxInstanceCount":100,"ingressSettings":"ALLOW_ALL","serviceAccountEmail":"371990511274-compute@developer.gserviceaccount.com","availableMemory":"256Mi","maxInstanceRequestConcurrency":80,"availableCpu":"1"},"labels":{"deployment-tool":"cli-firebase","deployment-callable":"true","firebase-functions-hash":"7f89cd59a55d2c9b6683ae179ff30bc33fd5bacc"},"environment":"GEN_2"},"stages":[{"name":"BUILD","state":"NOT_STARTED"},{"name":"SERVICE","state":"NOT_STARTED"}]},"done":false}
[debug] [2023-06-06T15:10:04.176Z] [create-default-us-central1-addMicrosoftUser] Retrying task index 0
[debug] [2023-06-06T15:10:04.177Z] >>> [apiv2][query] GET https://cloudfunctions.googleapis.com/v2/projects/pauly-9dcfc/locations/us-central1/operations/operation-1686064201787-5fd7769d0e795-cab7a8d2-411c1c0c [none]
[debug] [2023-06-06T15:10:04.519Z] <<< [apiv2][status] GET https://cloudfunctions.googleapis.com/v2/projects/pauly-9dcfc/locations/us-central1/operations/operation-1686064201787-5fd7769d0e795-cab7a8d2-411c1c0c 200
[debug] [2023-06-06T15:10:04.519Z] <<< [apiv2][body] GET https://cloudfunctions.googleapis.com/v2/projects/pauly-9dcfc/locations/us-central1/operations/operation-1686064201787-5fd7769d0e795-cab7a8d2-411c1c0c {"name":"projects/pauly-9dcfc/locations/us-central1/operations/operation-1686064201787-5fd7769d0e795-cab7a8d2-411c1c0c","metadata":{"@type":"type.googleapis.com/google.cloud.functions.v2.OperationMetadata","createTime":"2023-06-06T15:10:02.197205940Z","target":"projects/pauly-9dcfc/locations/us-central1/functions/addMicrosoftUser","verb":"create","cancelRequested":false,"apiVersion":"v2","requestResource":{"@type":"type.googleapis.com/google.cloud.functions.v2.Function","name":"projects/pauly-9dcfc/locations/us-central1/functions/addMicrosoftUser","buildConfig":{"runtime":"nodejs18","entryPoint":"addMicrosoftUser","source":{"storageSource":{"bucket":"gcf-v2-sources-371990511274-us-central1","object":"addMicrosoftUser/function-source.zip"}},"environmentVariables":{"GOOGLE_NODE_RUN_SCRIPTS":""}},"serviceConfig":{"service":"projects/pauly-9dcfc/locations/us-central1/services/addmicrosoftuser","timeoutSeconds":60,"environmentVariables":{"FIREBASE_CONFIG":"{\"projectId\":\"pauly-9dcfc\",\"storageBucket\":\"pauly-9dcfc.appspot.com\",\"locationId\":\"us-central\"}","GCLOUD_PROJECT":"pauly-9dcfc","EVENTARC_CLOUD_EVENT_SOURCE":"projects/pauly-9dcfc/locations/us-central1/services/addMicrosoftUser"},"maxInstanceCount":100,"ingressSettings":"ALLOW_ALL","serviceAccountEmail":"371990511274-compute@developer.gserviceaccount.com","availableMemory":"256Mi","maxInstanceRequestConcurrency":80,"availableCpu":"1"},"labels":{"deployment-tool":"cli-firebase","deployment-callable":"true","firebase-functions-hash":"7f89cd59a55d2c9b6683ae179ff30bc33fd5bacc"},"environment":"GEN_2"},"stages":[{"name":"BUILD","message":"Creating build","state":"IN_PROGRESS","resource":"projects/371990511274/locations/us-central1/builds/dd6a3ccd-3f95-499d-99c1-c98eac78c366","resourceUri":"https://console.cloud.google.com/cloud-build/builds;region=us-central1/dd6a3ccd-3f95-499d-99c1-c98eac78c366?project=371990511274"},{"name":"SERVICE","state":"NOT_STARTED"}]},"done":false}
[debug] [2023-06-06T15:10:06.521Z] [create-default-us-central1-addMicrosoftUser] Retrying task index 0
[debug] [2023-06-06T15:10:06.524Z] >>> [apiv2][query] GET https://cloudfunctions.googleapis.com/v2/projects/pauly-9dcfc/locations/us-central1/operations/operation-1686064201787-5fd7769d0e795-cab7a8d2-411c1c0c [none]
[debug] [2023-06-06T15:10:06.873Z] <<< [apiv2][status] GET https://cloudfunctions.googleapis.com/v2/projects/pauly-9dcfc/locations/us-central1/operations/operation-1686064201787-5fd7769d0e795-cab7a8d2-411c1c0c 200
[debug] [2023-06-06T15:10:06.874Z] <<< [apiv2][body] GET https://cloudfunctions.googleapis.com/v2/projects/pauly-9dcfc/locations/us-central1/operations/operation-1686064201787-5fd7769d0e795-cab7a8d2-411c1c0c {"name":"projects/pauly-9dcfc/locations/us-central1/operations/operation-1686064201787-5fd7769d0e795-cab7a8d2-411c1c0c","metadata":{"@type":"type.googleapis.com/google.cloud.functions.v2.OperationMetadata","createTime":"2023-06-06T15:10:02.197205940Z","target":"projects/pauly-9dcfc/locations/us-central1/functions/addMicrosoftUser","verb":"create","cancelRequested":false,"apiVersion":"v2","requestResource":{"@type":"type.googleapis.com/google.cloud.functions.v2.Function","name":"projects/pauly-9dcfc/locations/us-central1/functions/addMicrosoftUser","buildConfig":{"runtime":"nodejs18","entryPoint":"addMicrosoftUser","source":{"storageSource":{"bucket":"gcf-v2-sources-371990511274-us-central1","object":"addMicrosoftUser/function-source.zip"}},"environmentVariables":{"GOOGLE_NODE_RUN_SCRIPTS":""}},"serviceConfig":{"service":"projects/pauly-9dcfc/locations/us-central1/services/addmicrosoftuser","timeoutSeconds":60,"environmentVariables":{"FIREBASE_CONFIG":"{\"projectId\":\"pauly-9dcfc\",\"storageBucket\":\"pauly-9dcfc.appspot.com\",\"locationId\":\"us-central\"}","GCLOUD_PROJECT":"pauly-9dcfc","EVENTARC_CLOUD_EVENT_SOURCE":"projects/pauly-9dcfc/locations/us-central1/services/addMicrosoftUser"},"maxInstanceCount":100,"ingressSettings":"ALLOW_ALL","serviceAccountEmail":"371990511274-compute@developer.gserviceaccount.com","availableMemory":"256Mi","maxInstanceRequestConcurrency":80,"availableCpu":"1"},"labels":{"deployment-tool":"cli-firebase","deployment-callable":"true","firebase-functions-hash":"7f89cd59a55d2c9b6683ae179ff30bc33fd5bacc"},"environment":"GEN_2"},"stages":[{"name":"BUILD","message":"Creating build","state":"IN_PROGRESS","resource":"projects/371990511274/locations/us-central1/builds/dd6a3ccd-3f95-499d-99c1-c98eac78c366","resourceUri":"https://console.cloud.google.com/cloud-build/builds;region=us-central1/dd6a3ccd-3f95-499d-99c1-c98eac78c366?project=371990511274"},{"name":"SERVICE","state":"NOT_STARTED"}]},"done":false}
[debug] [2023-06-06T15:10:10.875Z] [create-default-us-central1-addMicrosoftUser] Retrying task index 0
[debug] [2023-06-06T15:10:10.877Z] >>> [apiv2][query] GET https://cloudfunctions.googleapis.com/v2/projects/pauly-9dcfc/locations/us-central1/operations/operation-1686064201787-5fd7769d0e795-cab7a8d2-411c1c0c [none]
[debug] [2023-06-06T15:10:11.124Z] <<< [apiv2][status] GET https://cloudfunctions.googleapis.com/v2/projects/pauly-9dcfc/locations/us-central1/operations/operation-1686064201787-5fd7769d0e795-cab7a8d2-411c1c0c 200
[debug] [2023-06-06T15:10:11.124Z] <<< [apiv2][body] GET https://cloudfunctions.googleapis.com/v2/projects/pauly-9dcfc/locations/us-central1/operations/operation-1686064201787-5fd7769d0e795-cab7a8d2-411c1c0c {"name":"projects/pauly-9dcfc/locations/us-central1/operations/operation-1686064201787-5fd7769d0e795-cab7a8d2-411c1c0c","metadata":{"@type":"type.googleapis.com/google.cloud.functions.v2.OperationMetadata","createTime":"2023-06-06T15:10:02.197205940Z","target":"projects/pauly-9dcfc/locations/us-central1/functions/addMicrosoftUser","verb":"create","cancelRequested":false,"apiVersion":"v2","requestResource":{"@type":"type.googleapis.com/google.cloud.functions.v2.Function","name":"projects/pauly-9dcfc/locations/us-central1/functions/addMicrosoftUser","buildConfig":{"runtime":"nodejs18","entryPoint":"addMicrosoftUser","source":{"storageSource":{"bucket":"gcf-v2-sources-371990511274-us-central1","object":"addMicrosoftUser/function-source.zip"}},"environmentVariables":{"GOOGLE_NODE_RUN_SCRIPTS":""}},"serviceConfig":{"service":"projects/pauly-9dcfc/locations/us-central1/services/addmicrosoftuser","timeoutSeconds":60,"environmentVariables":{"FIREBASE_CONFIG":"{\"projectId\":\"pauly-9dcfc\",\"storageBucket\":\"pauly-9dcfc.appspot.com\",\"locationId\":\"us-central\"}","GCLOUD_PROJECT":"pauly-9dcfc","EVENTARC_CLOUD_EVENT_SOURCE":"projects/pauly-9dcfc/locations/us-central1/services/addMicrosoftUser"},"maxInstanceCount":100,"ingressSettings":"ALLOW_ALL","serviceAccountEmail":"371990511274-compute@developer.gserviceaccount.com","availableMemory":"256Mi","maxInstanceRequestConcurrency":80,"availableCpu":"1"},"labels":{"deployment-tool":"cli-firebase","deployment-callable":"true","firebase-functions-hash":"7f89cd59a55d2c9b6683ae179ff30bc33fd5bacc"},"environment":"GEN_2"},"stages":[{"name":"BUILD","message":"Creating build","state":"IN_PROGRESS","resource":"projects/371990511274/locations/us-central1/builds/dd6a3ccd-3f95-499d-99c1-c98eac78c366","resourceUri":"https://console.cloud.google.com/cloud-build/builds;region=us-central1/dd6a3ccd-3f95-499d-99c1-c98eac78c366?project=371990511274"},{"name":"SERVICE","state":"NOT_STARTED"}]},"done":false}
[debug] [2023-06-06T15:10:19.126Z] [create-default-us-central1-addMicrosoftUser] Retrying task index 0
[debug] [2023-06-06T15:10:19.128Z] >>> [apiv2][query] GET https://cloudfunctions.googleapis.com/v2/projects/pauly-9dcfc/locations/us-central1/operations/operation-1686064201787-5fd7769d0e795-cab7a8d2-411c1c0c [none]
[debug] [2023-06-06T15:10:19.441Z] <<< [apiv2][status] GET https://cloudfunctions.googleapis.com/v2/projects/pauly-9dcfc/locations/us-central1/operations/operation-1686064201787-5fd7769d0e795-cab7a8d2-411c1c0c 200
[debug] [2023-06-06T15:10:19.441Z] <<< [apiv2][body] GET https://cloudfunctions.googleapis.com/v2/projects/pauly-9dcfc/locations/us-central1/operations/operation-1686064201787-5fd7769d0e795-cab7a8d2-411c1c0c {"name":"projects/pauly-9dcfc/locations/us-central1/operations/operation-1686064201787-5fd7769d0e795-cab7a8d2-411c1c0c","metadata":{"@type":"type.googleapis.com/google.cloud.functions.v2.OperationMetadata","createTime":"2023-06-06T15:10:02.197205940Z","target":"projects/pauly-9dcfc/locations/us-central1/functions/addMicrosoftUser","verb":"create","cancelRequested":false,"apiVersion":"v2","requestResource":{"@type":"type.googleapis.com/google.cloud.functions.v2.Function","name":"projects/pauly-9dcfc/locations/us-central1/functions/addMicrosoftUser","buildConfig":{"runtime":"nodejs18","entryPoint":"addMicrosoftUser","source":{"storageSource":{"bucket":"gcf-v2-sources-371990511274-us-central1","object":"addMicrosoftUser/function-source.zip"}},"environmentVariables":{"GOOGLE_NODE_RUN_SCRIPTS":""}},"serviceConfig":{"service":"projects/pauly-9dcfc/locations/us-central1/services/addmicrosoftuser","timeoutSeconds":60,"environmentVariables":{"FIREBASE_CONFIG":"{\"projectId\":\"pauly-9dcfc\",\"storageBucket\":\"pauly-9dcfc.appspot.com\",\"locationId\":\"us-central\"}","GCLOUD_PROJECT":"pauly-9dcfc","EVENTARC_CLOUD_EVENT_SOURCE":"projects/pauly-9dcfc/locations/us-central1/services/addMicrosoftUser"},"maxInstanceCount":100,"ingressSettings":"ALLOW_ALL","serviceAccountEmail":"371990511274-compute@developer.gserviceaccount.com","availableMemory":"256Mi","maxInstanceRequestConcurrency":80,"availableCpu":"1"},"labels":{"deployment-tool":"cli-firebase","deployment-callable":"true","firebase-functions-hash":"7f89cd59a55d2c9b6683ae179ff30bc33fd5bacc"},"environment":"GEN_2"},"stages":[{"name":"BUILD","message":"Creating build","state":"IN_PROGRESS","resource":"projects/371990511274/locations/us-central1/builds/dd6a3ccd-3f95-499d-99c1-c98eac78c366","resourceUri":"https://console.cloud.google.com/cloud-build/builds;region=us-central1/dd6a3ccd-3f95-499d-99c1-c98eac78c366?project=371990511274"},{"name":"SERVICE","state":"NOT_STARTED"}]},"done":false}
[debug] [2023-06-06T15:10:29.443Z] [create-default-us-central1-addMicrosoftUser] Retrying task index 0
[debug] [2023-06-06T15:10:29.444Z] >>> [apiv2][query] GET https://cloudfunctions.googleapis.com/v2/projects/pauly-9dcfc/locations/us-central1/operations/operation-1686064201787-5fd7769d0e795-cab7a8d2-411c1c0c [none]
[debug] [2023-06-06T15:10:29.683Z] <<< [apiv2][status] GET https://cloudfunctions.googleapis.com/v2/projects/pauly-9dcfc/locations/us-central1/operations/operation-1686064201787-5fd7769d0e795-cab7a8d2-411c1c0c 200
[debug] [2023-06-06T15:10:29.683Z] <<< [apiv2][body] GET https://cloudfunctions.googleapis.com/v2/projects/pauly-9dcfc/locations/us-central1/operations/operation-1686064201787-5fd7769d0e795-cab7a8d2-411c1c0c {"name":"projects/pauly-9dcfc/locations/us-central1/operations/operation-1686064201787-5fd7769d0e795-cab7a8d2-411c1c0c","metadata":{"@type":"type.googleapis.com/google.cloud.functions.v2.OperationMetadata","createTime":"2023-06-06T15:10:02.197205940Z","target":"projects/pauly-9dcfc/locations/us-central1/functions/addMicrosoftUser","verb":"create","cancelRequested":false,"apiVersion":"v2","requestResource":{"@type":"type.googleapis.com/google.cloud.functions.v2.Function","name":"projects/pauly-9dcfc/locations/us-central1/functions/addMicrosoftUser","buildConfig":{"runtime":"nodejs18","entryPoint":"addMicrosoftUser","source":{"storageSource":{"bucket":"gcf-v2-sources-371990511274-us-central1","object":"addMicrosoftUser/function-source.zip"}},"environmentVariables":{"GOOGLE_NODE_RUN_SCRIPTS":""}},"serviceConfig":{"service":"projects/pauly-9dcfc/locations/us-central1/services/addmicrosoftuser","timeoutSeconds":60,"environmentVariables":{"FIREBASE_CONFIG":"{\"projectId\":\"pauly-9dcfc\",\"storageBucket\":\"pauly-9dcfc.appspot.com\",\"locationId\":\"us-central\"}","GCLOUD_PROJECT":"pauly-9dcfc","EVENTARC_CLOUD_EVENT_SOURCE":"projects/pauly-9dcfc/locations/us-central1/services/addMicrosoftUser"},"maxInstanceCount":100,"ingressSettings":"ALLOW_ALL","serviceAccountEmail":"371990511274-compute@developer.gserviceaccount.com","availableMemory":"256Mi","maxInstanceRequestConcurrency":80,"availableCpu":"1"},"labels":{"deployment-tool":"cli-firebase","deployment-callable":"true","firebase-functions-hash":"7f89cd59a55d2c9b6683ae179ff30bc33fd5bacc"},"environment":"GEN_2"},"stages":[{"name":"BUILD","message":"Creating build","state":"IN_PROGRESS","resource":"projects/371990511274/locations/us-central1/builds/dd6a3ccd-3f95-499d-99c1-c98eac78c366","resourceUri":"https://console.cloud.google.com/cloud-build/builds;region=us-central1/dd6a3ccd-3f95-499d-99c1-c98eac78c366?project=371990511274"},{"name":"SERVICE","state":"NOT_STARTED"}]},"done":false}
[debug] [2023-06-06T15:10:39.684Z] [create-default-us-central1-addMicrosoftUser] Retrying task index 0
[debug] [2023-06-06T15:10:39.685Z] >>> [apiv2][query] GET https://cloudfunctions.googleapis.com/v2/projects/pauly-9dcfc/locations/us-central1/operations/operation-1686064201787-5fd7769d0e795-cab7a8d2-411c1c0c [none]
[debug] [2023-06-06T15:10:40.012Z] <<< [apiv2][status] GET https://cloudfunctions.googleapis.com/v2/projects/pauly-9dcfc/locations/us-central1/operations/operation-1686064201787-5fd7769d0e795-cab7a8d2-411c1c0c 200
[debug] [2023-06-06T15:10:40.012Z] <<< [apiv2][body] GET https://cloudfunctions.googleapis.com/v2/projects/pauly-9dcfc/locations/us-central1/operations/operation-1686064201787-5fd7769d0e795-cab7a8d2-411c1c0c {"name":"projects/pauly-9dcfc/locations/us-central1/operations/operation-1686064201787-5fd7769d0e795-cab7a8d2-411c1c0c","metadata":{"@type":"type.googleapis.com/google.cloud.functions.v2.OperationMetadata","createTime":"2023-06-06T15:10:02.197205940Z","target":"projects/pauly-9dcfc/locations/us-central1/functions/addMicrosoftUser","verb":"create","cancelRequested":false,"apiVersion":"v2","requestResource":{"@type":"type.googleapis.com/google.cloud.functions.v2.Function","name":"projects/pauly-9dcfc/locations/us-central1/functions/addMicrosoftUser","buildConfig":{"runtime":"nodejs18","entryPoint":"addMicrosoftUser","source":{"storageSource":{"bucket":"gcf-v2-sources-371990511274-us-central1","object":"addMicrosoftUser/function-source.zip"}},"environmentVariables":{"GOOGLE_NODE_RUN_SCRIPTS":""}},"serviceConfig":{"service":"projects/pauly-9dcfc/locations/us-central1/services/addmicrosoftuser","timeoutSeconds":60,"environmentVariables":{"FIREBASE_CONFIG":"{\"projectId\":\"pauly-9dcfc\",\"storageBucket\":\"pauly-9dcfc.appspot.com\",\"locationId\":\"us-central\"}","GCLOUD_PROJECT":"pauly-9dcfc","EVENTARC_CLOUD_EVENT_SOURCE":"projects/pauly-9dcfc/locations/us-central1/services/addMicrosoftUser"},"maxInstanceCount":100,"ingressSettings":"ALLOW_ALL","serviceAccountEmail":"371990511274-compute@developer.gserviceaccount.com","availableMemory":"256Mi","maxInstanceRequestConcurrency":80,"availableCpu":"1"},"labels":{"deployment-tool":"cli-firebase","deployment-callable":"true","firebase-functions-hash":"7f89cd59a55d2c9b6683ae179ff30bc33fd5bacc"},"environment":"GEN_2"},"stages":[{"name":"BUILD","message":"Creating build","state":"IN_PROGRESS","resource":"projects/371990511274/locations/us-central1/builds/dd6a3ccd-3f95-499d-99c1-c98eac78c366","resourceUri":"https://console.cloud.google.com/cloud-build/builds;region=us-central1/dd6a3ccd-3f95-499d-99c1-c98eac78c366?project=371990511274"},{"name":"SERVICE","state":"NOT_STARTED"}]},"done":false}
